android-tv-client/app/build/intermediates/manifest_merge_blame_file/debug/manifest-merger-blame-debug-report.txt
1<?xml version="1.0" encoding="utf-8"?>
2<manifest xmlns:android="http://schemas.android.com/apk/res/android"
3    package="com.tourvision.tv"
4    android:versionCode="1"
5    android:versionName="1.0" >
6
7    <uses-sdk
8        android:minSdkVersion="21"
9        android:targetSdkVersion="34" />
10
11    <uses-permission android:name="android.permission.INTERNET" />
11-->src/main/AndroidManifest.xml:4:5-67
11-->src/main/AndroidManifest.xml:4:22-64
12
13    <uses-feature
13-->src/main/AndroidManifest.xml:6:5-8:36
14        android:name="android.software.leanback"
14-->src/main/AndroidManifest.xml:7:9-49
15        android:required="false" />
15-->src/main/AndroidManifest.xml:8:9-33
16    <uses-feature
16-->src/main/AndroidManifest.xml:9:5-11:36
17        android:name="android.hardware.touchscreen"
17-->src/main/AndroidManifest.xml:10:9-52
18        android:required="false" />
18-->src/main/AndroidManifest.xml:11:9-33
19
20    <permission
20-->[androidx.core:core:1.12.0] AndroidManifest.xml:22:5-24:47
21        android:name="com.tourvision.tv.DYNAMIC_RECEIVER_NOT_EXPORTED_PERMISSION"
21-->[androidx.core:core:1.12.0] AndroidManifest.xml:23:9-81
22        android:protectionLevel="signature" />
22-->[androidx.core:core:1.12.0] AndroidManifest.xml:24:9-44
23
24    <uses-permission android:name="com.tourvision.tv.DYNAMIC_RECEIVER_NOT_EXPORTED_PERMISSION" />
24-->[androidx.core:core:1.12.0] AndroidManifest.xml:26:5-97
24-->[androidx.core:core:1.12.0] AndroidManifest.xml:26:22-94
25
26    <application
26-->src/main/AndroidManifest.xml:13:5-32:19
27        android:allowBackup="true"
27-->src/main/AndroidManifest.xml:14:9-35
28        android:appComponentFactory="androidx.core.app.CoreComponentFactory"
28-->[androidx.core:core:1.12.0] AndroidManifest.xml:28:18-86
29        android:debuggable="true"
30        android:extractNativeLibs="true"
31        android:icon="@drawable/ic_launcher"
31-->src/main/AndroidManifest.xml:15:9-45
32        android:label="@string/app_name"
32-->src/main/AndroidManifest.xml:16:9-41
33        android:supportsRtl="true"
33-->src/main/AndroidManifest.xml:17:9-35
34        android:theme="@style/Theme.TourVisionTV"
34-->src/main/AndroidManifest.xml:18:9-50
35        android:usesCleartextTraffic="true" >
35-->src/main/AndroidManifest.xml:19:9-44
36        <activity
36-->src/main/AndroidManifest.xml:21:9-31:20
37            android:name="com.tourvision.tv.MainActivity"
37-->src/main/AndroidManifest.xml:22:13-41
38            android:banner="@drawable/ic_launcher"
38-->src/main/AndroidManifest.xml:25:13-51
39            android:exported="true"
39-->src/main/AndroidManifest.xml:23:13-36
40            android:windowSoftInputMode="stateVisible|adjustResize" >
40-->src/main/AndroidManifest.xml:24:13-68
41            <intent-filter>
41-->src/main/AndroidManifest.xml:26:13-30:29
42                <action android:name="android.intent.action.MAIN" />
42-->src/main/AndroidManifest.xml:27:17-69
42-->src/main/AndroidManifest.xml:27:25-66
43
44                <category android:name="android.intent.category.LAUNCHER" />
44-->src/main/AndroidManifest.xml:28:17-77
44-->src/main/AndroidManifest.xml:28:27-74
45                <category android:name="android.intent.category.LEANBACK_LAUNCHER" />
45-->src/main/AndroidManifest.xml:29:17-86
45-->src/main/AndroidManifest.xml:29:27-83
46            </intent-filter>
47        </activity>
48    </application>
49
50</manifest>